03/29/11 10:32:12 AM - Building message catalogs...
03/29/11 10:32:12 AM - Building Windows install...  
03/29/11 10:32:12 AM - Building main.tcl...
03/29/11 10:32:12 AM - Refreshing file groups...
03/29/11 10:32:12 AM - Getting file list...
03/29/11 10:32:12 AM - Building file manifest...
03/29/11 10:32:13 AM - Saving install information...
03/29/11 10:32:18 AM - Building install...
03/29/11 10:32:18 AM - Building install executable...
03/29/11 10:32:24 AM - Windows build completed in 00m12s.
03/29/11 10:32:24 AM - Installer size is 1.51 MB.
03/29/11 10:32:24 AM - Build completed in 00m12s.
03/29/11 10:32:49 AM - Building message catalogs...
03/29/11 10:32:50 AM - Building Windows install...  
03/29/11 10:32:50 AM - Building main.tcl...
03/29/11 10:32:50 AM - Refreshing file groups...
03/29/11 10:32:50 AM - Getting file list...
03/29/11 10:32:51 AM - Building file manifest...
03/29/11 10:32:51 AM - Saving install information...
03/29/11 10:32:57 AM - Building install...
03/29/11 10:32:57 AM - Building install executable...
03/29/11 10:33:01 AM - Windows build completed in 00m11s.
03/29/11 10:33:01 AM - Installer size is 1.51 MB.
03/29/11 10:33:01 AM - Build completed in 00m12s.
03/29/11 11:07:31 PM - Building message catalogs...
03/29/11 11:07:32 PM - Building Windows install...  
03/29/11 11:07:32 PM - Building main.tcl...
03/29/11 11:07:32 PM - Refreshing file groups...
03/29/11 11:07:32 PM - Getting file list...
03/29/11 11:07:32 PM - File 'C:/Documents and Settings/Administrator/Desktop/iMailer - Installer/Project Files/images/iMailer.jpg' does not exist!
03/29/11 11:07:32 PM - File 'C:/Documents and Settings/Administrator/Desktop/iMailer - Installer/Project Files/images/logo.jpg' does not exist!
03/29/11 11:07:32 PM - File 'C:/Documents and Settings/Administrator/Desktop/iMailer - Installer/Project Files/images/SetupModern01.gif' does not exist!
03/29/11 11:07:32 PM - Windows build completed with errors
03/29/11 11:07:32 PM - Build completed in 00m01s.
03/29/11 11:08:12 PM - Building message catalogs...
03/29/11 11:08:12 PM - Building Windows install...  
03/29/11 11:08:12 PM - Building main.tcl...
03/29/11 11:08:12 PM - Refreshing file groups...
03/29/11 11:08:12 PM - Getting file list...
03/29/11 11:08:12 PM - File 'C:/Documents and Settings/Administrator/Desktop/iMailer - Installer/Project Files/images/iMailer.jpg' does not exist!
03/29/11 11:08:13 PM - File 'C:/Documents and Settings/Administrator/Desktop/iMailer - Installer/Project Files/images/logo.jpg' does not exist!
03/29/11 11:08:13 PM - File 'C:/Documents and Settings/Administrator/Desktop/iMailer - Installer/Project Files/images/SetupModern01.gif' does not exist!
03/29/11 11:08:13 PM - Windows build completed with errors
03/29/11 11:08:13 PM - Build completed in 00m01s.
03/29/11 11:13:00 PM - Building message catalogs...
03/29/11 11:13:00 PM - Building Windows install...  
03/29/11 11:13:00 PM - Building main.tcl...
03/29/11 11:13:00 PM - Refreshing file groups...
03/29/11 11:13:01 PM - Getting file list...
03/29/11 11:13:01 PM - File 'C:/Documents and Settings/Administrator/Desktop/iMailer - Installer/Project Files/images/iMailer.jpg' does not exist!
03/29/11 11:13:01 PM - File 'C:/Documents and Settings/Administrator/Desktop/iMailer - Installer/Project Files/images/logo.jpg' does not exist!
03/29/11 11:13:01 PM - File 'C:/Documents and Settings/Administrator/Desktop/iMailer - Installer/Project Files/images/SetupModern01.gif' does not exist!
03/29/11 11:13:01 PM - Windows build completed with errors
03/29/11 11:13:01 PM - Build completed in 00m01s.
03/29/11 11:13:44 PM - Building message catalogs...
03/29/11 11:13:44 PM - Building Windows install...  
03/29/11 11:13:44 PM - Building main.tcl...
03/29/11 11:13:44 PM - Refreshing file groups...
03/29/11 11:13:45 PM - Getting file list...
03/29/11 11:13:45 PM - Building file manifest...
03/29/11 11:13:45 PM - Saving install information...
03/29/11 11:13:49 PM - Building install...
03/29/11 11:13:50 PM - Building install executable...
03/29/11 11:13:54 PM - Windows build completed in 00m10s.
03/29/11 11:13:54 PM - Installer size is 1.53 MB.
03/29/11 11:13:54 PM - Build completed in 00m10s.
03/30/11 09:51:29 AM - Building message catalogs...
03/30/11 09:51:29 AM - Building Windows install...  
03/30/11 09:51:29 AM - Building main.tcl...
03/30/11 09:51:29 AM - Refreshing file groups...
03/30/11 09:51:30 AM - Getting file list...
03/30/11 09:51:30 AM - Building file manifest...
03/30/11 09:51:30 AM - Saving install information...
03/30/11 09:51:34 AM - Building install...
03/30/11 09:51:35 AM - Building install executable...
03/30/11 09:51:38 AM - Windows build completed in 00m09s.
03/30/11 09:51:38 AM - Installer size is 2.05 MB.
03/30/11 09:51:38 AM - Build completed in 00m09s.
03/30/11 09:53:59 AM - Building message catalogs...
03/30/11 09:54:00 AM - Building Windows install...  
03/30/11 09:54:00 AM - Building main.tcl...
03/30/11 09:54:00 AM - Refreshing file groups...
03/30/11 09:54:00 AM - Getting file list...
03/30/11 09:54:00 AM - Building file manifest...
03/30/11 09:54:00 AM - Saving install information...
03/30/11 09:54:04 AM - Building install...
03/30/11 09:54:05 AM - Building install executable...
03/30/11 09:54:07 AM - Windows build completed in 00m07s.
03/30/11 09:54:07 AM - Installer size is 2.05 MB.
03/30/11 09:54:07 AM - Build completed in 00m08s.
04/03/11 10:38:36 PM - Building message catalogs...
04/03/11 10:38:36 PM - Building Windows install...  
04/03/11 10:38:36 PM - Building main.tcl...
04/03/11 10:38:36 PM - Refreshing file groups...
04/03/11 10:38:36 PM - Getting file list...
04/03/11 10:38:37 PM - File 'C:/Documents and Settings/Administrator/Desktop/iMailer - Installer/packageFiles/HTMLTemplates' does not exist!
04/03/11 10:38:37 PM - Windows build completed with errors
04/03/11 10:38:37 PM - Build completed in 00m01s.
04/03/11 10:40:00 PM - Building message catalogs...
04/03/11 10:40:01 PM - Building Windows install...  
04/03/11 10:40:01 PM - Building main.tcl...
04/03/11 10:40:01 PM - Refreshing file groups...
04/03/11 10:40:01 PM - Getting file list...
04/03/11 10:40:01 PM - Building file manifest...
04/03/11 10:40:01 PM - Saving install information...
04/03/11 10:40:02 PM - Building install...
04/03/11 10:40:03 PM - Building install executable...
04/03/11 10:40:07 PM - Windows build completed in 00m06s.
04/03/11 10:40:07 PM - Installer size is 2.01 MB.
04/03/11 10:40:07 PM - Build completed in 00m07s.
04/03/11 10:41:10 PM - Building message catalogs...
04/03/11 10:41:11 PM - Building Windows install...  
04/03/11 10:41:11 PM - Building main.tcl...
04/03/11 10:41:11 PM - Refreshing file groups...
04/03/11 10:41:11 PM - Getting file list...
04/03/11 10:41:11 PM - Building file manifest...
04/03/11 10:41:11 PM - Saving install information...
04/03/11 10:41:13 PM - Building install...
04/03/11 10:41:13 PM - Building install executable...
04/03/11 10:41:15 PM - Windows build completed in 00m05s.
04/03/11 10:41:15 PM - Installer size is 2.01 MB.
04/03/11 10:41:15 PM - Build completed in 00m05s.
04/03/11 10:42:07 PM - Building message catalogs...
04/03/11 10:42:07 PM - Building Windows install...  
04/03/11 10:42:07 PM - Building main.tcl...
04/03/11 10:42:07 PM - Refreshing file groups...
04/03/11 10:42:07 PM - Getting file list...
04/03/11 10:42:07 PM - Building file manifest...
04/03/11 10:42:07 PM - Saving install information...
04/03/11 10:42:09 PM - Building install...
04/03/11 10:42:09 PM - Building install executable...
04/03/11 10:42:12 PM - Windows build completed in 00m05s.
04/03/11 10:42:12 PM - Installer size is 2.01 MB.
04/03/11 10:42:12 PM - Build completed in 00m05s.
04/03/11 10:51:09 PM - Building message catalogs...
04/03/11 10:51:10 PM - Building Windows install...  
04/03/11 10:51:10 PM - Building main.tcl...
04/03/11 10:51:10 PM - Refreshing file groups...
04/03/11 10:51:10 PM - Getting file list...
04/03/11 10:51:11 PM - Building file manifest...
04/03/11 10:51:11 PM - Saving install information...
04/03/11 10:51:14 PM - Building install...
04/03/11 10:51:16 PM - Building install executable...
04/03/11 10:51:19 PM - Windows build completed in 00m10s.
04/03/11 10:51:19 PM - Installer size is 2.01 MB.
04/03/11 10:51:20 PM - Build completed in 00m11s.
04/03/11 10:52:42 PM - Building message catalogs...
04/03/11 10:52:42 PM - Building Windows install...  
04/03/11 10:52:42 PM - Building main.tcl...
04/03/11 10:52:42 PM - Refreshing file groups...
04/03/11 10:52:42 PM - Getting file list...
04/03/11 10:52:43 PM - Building file manifest...
04/03/11 10:52:43 PM - Saving install information...
04/03/11 10:52:48 PM - Building install...
04/03/11 10:52:48 PM - Building install executable...
04/03/11 10:52:50 PM - Windows build completed in 00m08s.
04/03/11 10:52:50 PM - Installer size is 2.05 MB.
04/03/11 10:52:50 PM - Build completed in 00m08s.
04/04/11 09:58:58 PM - Building message catalogs...
04/04/11 09:58:59 PM - Building Windows install...  
04/04/11 09:58:59 PM - Building main.tcl...
04/04/11 09:58:59 PM - Refreshing file groups...
04/04/11 09:58:59 PM - Getting file list...
04/04/11 09:58:59 PM - Building file manifest...
04/04/11 09:58:59 PM - Saving install information...
04/04/11 09:59:03 PM - Building install...
04/04/11 09:59:04 PM - Building install executable...
04/04/11 09:59:06 PM - Windows build completed in 00m07s.
04/04/11 09:59:06 PM - Installer size is 2.05 MB.
04/04/11 09:59:06 PM - Build completed in 00m08s.
04/04/11 10:03:07 PM - Building message catalogs...
04/04/11 10:03:07 PM - Building Windows install...  
04/04/11 10:03:07 PM - Building main.tcl...
04/04/11 10:03:07 PM - Refreshing file groups...
04/04/11 10:03:07 PM - Getting file list...
04/04/11 10:03:07 PM - Building file manifest...
04/04/11 10:03:07 PM - Saving install information...
04/04/11 10:03:11 PM - Building install...
04/04/11 10:03:11 PM - Building install executable...
04/04/11 10:03:13 PM - Windows build completed in 00m06s.
04/04/11 10:03:13 PM - Installer size is 2.05 MB.
04/04/11 10:03:13 PM - Build completed in 00m06s.
04/04/11 10:33:47 PM - Building message catalogs...
04/04/11 10:33:47 PM - Building Windows install...  
04/04/11 10:33:47 PM - Building main.tcl...
04/04/11 10:33:47 PM - Refreshing file groups...
04/04/11 10:33:47 PM - Getting file list...
04/04/11 10:33:47 PM - Building file manifest...
04/04/11 10:33:47 PM - Saving install information...
04/04/11 10:33:52 PM - Building install...
04/04/11 10:33:53 PM - Building install executable...
04/04/11 10:33:56 PM - Windows build completed in 00m09s.
04/04/11 10:33:56 PM - Installer size is 2.05 MB.
04/04/11 10:33:56 PM - Build completed in 00m09s.
04/07/11 10:39:17 AM - Building message catalogs...
04/07/11 10:39:17 AM - Building Windows install...  
04/07/11 10:39:17 AM - Building main.tcl...
04/07/11 10:39:17 AM - Refreshing file groups...
04/07/11 10:39:18 AM - Getting file list...
04/07/11 10:39:18 AM - Building file manifest...
04/07/11 10:39:18 AM - Saving install information...
04/07/11 10:39:22 AM - Building install...
04/07/11 10:39:23 AM - Building install executable...
04/07/11 10:39:25 AM - Windows build completed in 00m08s.
04/07/11 10:39:25 AM - Installer size is 2.09 MB.
04/07/11 10:39:25 AM - Build completed in 00m08s.
04/10/11 07:20:25 PM - Building message catalogs...
04/10/11 07:20:25 PM - Building Windows install...  
04/10/11 07:20:25 PM - Building main.tcl...
04/10/11 07:20:25 PM - Refreshing file groups...
04/10/11 07:20:25 PM - Getting file list...
04/10/11 07:20:25 PM - Building file manifest...
04/10/11 07:20:25 PM - Saving install information...
04/10/11 07:20:30 PM - Building install...
04/10/11 07:20:30 PM - Building install executable...
04/10/11 07:20:35 PM - Windows build completed in 00m10s.
04/10/11 07:20:35 PM - Installer size is 2.09 MB.
04/10/11 07:20:35 PM - Build completed in 00m10s.
04/10/11 08:45:50 PM - Building message catalogs...
04/10/11 08:45:50 PM - Building Windows install...  
04/10/11 08:45:50 PM - Building main.tcl...
04/10/11 08:45:50 PM - Refreshing file groups...
04/10/11 08:45:50 PM - Getting file list...
04/10/11 08:45:50 PM - Building file manifest...
04/10/11 08:45:50 PM - Saving install information...
04/10/11 08:45:55 PM - Building install...
04/10/11 08:45:55 PM - Building install executable...
04/10/11 08:45:58 PM - Windows build completed in 00m08s.
04/10/11 08:45:58 PM - Installer size is 2.09 MB.
04/10/11 08:45:58 PM - Build completed in 00m08s.
04/11/11 09:57:18 AM - Building message catalogs...
04/11/11 09:57:18 AM - Building Windows install...  
04/11/11 09:57:18 AM - Building main.tcl...
04/11/11 09:57:18 AM - Refreshing file groups...
04/11/11 09:57:18 AM - Getting file list...
04/11/11 09:57:19 AM - Building file manifest...
04/11/11 09:57:19 AM - Saving install information...
04/11/11 09:57:23 AM - Building install...
04/11/11 09:57:23 AM - Building install executable...
04/11/11 09:57:26 AM - Windows build completed in 00m08s.
04/11/11 09:57:26 AM - Installer size is 2.10 MB.
04/11/11 09:57:26 AM - Build completed in 00m08s.
04/11/11 10:01:14 AM - Building message catalogs...
04/11/11 10:01:14 AM - Building Windows install...  
04/11/11 10:01:14 AM - Building main.tcl...
04/11/11 10:01:14 AM - Refreshing file groups...
04/11/11 10:01:14 AM - Getting file list...
04/11/11 10:01:14 AM - Building file manifest...
04/11/11 10:01:14 AM - Saving install information...
04/11/11 10:01:18 AM - Building install...
04/11/11 10:01:18 AM - Building install executable...
04/11/11 10:01:20 AM - Windows build completed in 00m06s.
04/11/11 10:01:20 AM - Installer size is 2.09 MB.
04/11/11 10:01:20 AM - Build completed in 00m06s.
04/11/11 09:46:34 PM - Building message catalogs...
04/11/11 09:46:34 PM - Building Windows install...  
04/11/11 09:46:34 PM - Building main.tcl...
04/11/11 09:46:34 PM - Refreshing file groups...
04/11/11 09:46:34 PM - Getting file list...
04/11/11 09:46:35 PM - Building file manifest...
04/11/11 09:46:35 PM - Saving install information...
04/11/11 09:46:39 PM - Building install...
04/11/11 09:46:40 PM - Building install executable...
04/11/11 09:46:43 PM - Windows build completed in 00m09s.
04/11/11 09:46:43 PM - Installer size is 2.09 MB.
04/11/11 09:46:43 PM - Build completed in 00m09s.
